{"/home/nickmeet/my/without-backup/versioned/restcomm/js/spec/test1.e2e.js":{"path":"/home/nickmeet/my/without-backup/versioned/restcomm/js/spec/test1.e2e.js","s":{"1":1,"2":1,"3":0,"4":0,"5":0,"6":0,"7":0},"b":{},"f":{"1":0,"2":0,"3":0},"fnMap":{"1":{"name":"(anonymous_1)","line":5,"loc":{"start":{"line":5,"column":21},"end":{"line":5,"column":32}}},"2":{"name":"(anonymous_2)","line":6,"loc":{"start":{"line":6,"column":17},"end":{"line":6,"column":28}}},"3":{"name":"(anonymous_3)","line":10,"loc":{"start":{"line":10,"column":36},"end":{"line":10,"column":47}}}},"statementMap":{"1":{"start":{"line":3,"column":0},"end":{"line":3,"column":23}},"2":{"start":{"line":5,"column":0},"end":{"line":14,"column":5}},"3":{"start":{"line":6,"column":6},"end":{"line":8,"column":9}},"4":{"start":{"line":7,"column":10},"end":{"line":7,"column":27}},"5":{"start":{"line":10,"column":6},"end":{"line":13,"column":9}},"6":{"start":{"line":11,"column":10},"end":{"line":11,"column":20}},"7":{"start":{"line":12,"column":10},"end":{"line":12,"column":31}}},"branchMap":{}}}